C:\USERS\DANBHI\DOCUMENTS\VISUAL STUDIO 2012\PROJECTS\PROJECT\PROJECT16\DEBUG\SOURCE.OBJ
C:\USERS\DANBHI\DOCUMENTS\VISUAL STUDIO 2012\PROJECTS\PROJECT\PROJECT16\DEBUG\VC110.PDB
C:\USERS\DANBHI\DOCUMENTS\VISUAL STUDIO 2012\PROJECTS\PROJECT\DEBUG\PROJECT16.ILK
C:\USERS\DANBHI\DOCUMENTS\VISUAL STUDIO 2012\PROJECTS\PROJECT\DEBUG\PROJECT16.EXE
C:\USERS\DANBHI\DOCUMENTS\VISUAL STUDIO 2012\PROJECTS\PROJECT\DEBUG\PROJECT16.PDB
C:\Users\Danbhi\Documents\Visual Studio 2012\Projects\Project\Project16\Debug\Source.obj
C:\Users\Danbhi\Documents\Visual Studio 2012\Projects\Project\Project16\Debug\cl.command.1.tlog
C:\Users\Danbhi\Documents\Visual Studio 2012\Projects\Project\Project16\Debug\CL.read.1.tlog
C:\Users\Danbhi\Documents\Visual Studio 2012\Projects\Project\Project16\Debug\CL.write.1.tlog
C:\Users\Danbhi\Documents\Visual Studio 2012\Projects\Project\Project16\Debug\link-cvtres.read.1.tlog
C:\Users\Danbhi\Documents\Visual Studio 2012\Projects\Project\Project16\Debug\link-cvtres.write.1.tlog
C:\Users\Danbhi\Documents\Visual Studio 2012\Projects\Project\Project16\Debug\link-rc.read.1.tlog
C:\Users\Danbhi\Documents\Visual Studio 2012\Projects\Project\Project16\Debug\link-rc.write.1.tlog
C:\Users\Danbhi\Documents\Visual Studio 2012\Projects\Project\Project16\Debug\link.10368-cvtres.read.1.tlog
C:\Users\Danbhi\Documents\Visual Studio 2012\Projects\Project\Project16\Debug\link.10368-cvtres.write.1.tlog
C:\Users\Danbhi\Documents\Visual Studio 2012\Projects\Project\Project16\Debug\link.10368-rc.read.1.tlog
C:\Users\Danbhi\Documents\Visual Studio 2012\Projects\Project\Project16\Debug\link.10368-rc.write.1.tlog
C:\Users\Danbhi\Documents\Visual Studio 2012\Projects\Project\Project16\Debug\link.10368.read.1.tlog
C:\Users\Danbhi\Documents\Visual Studio 2012\Projects\Project\Project16\Debug\link.10368.write.1.tlog
C:\Users\Danbhi\Documents\Visual Studio 2012\Projects\Project\Project16\Debug\link.1040-cvtres.read.1.tlog
C:\Users\Danbhi\Documents\Visual Studio 2012\Projects\Project\Project16\Debug\link.1040-cvtres.write.1.tlog
C:\Users\Danbhi\Documents\Visual Studio 2012\Projects\Project\Project16\Debug\link.1040-rc.read.1.tlog
C:\Users\Danbhi\Documents\Visual Studio 2012\Projects\Project\Project16\Debug\link.1040-rc.write.1.tlog
C:\Users\Danbhi\Documents\Visual Studio 2012\Projects\Project\Project16\Debug\link.1040.read.1.tlog
C:\Users\Danbhi\Documents\Visual Studio 2012\Projects\Project\Project16\Debug\link.1040.write.1.tlog
C:\Users\Danbhi\Documents\Visual Studio 2012\Projects\Project\Project16\Debug\link.10944-cvtres.read.1.tlog
C:\Users\Danbhi\Documents\Visual Studio 2012\Projects\Project\Project16\Debug\link.10944-cvtres.write.1.tlog
C:\Users\Danbhi\Documents\Visual Studio 2012\Projects\Project\Project16\Debug\link.10944-rc.read.1.tlog
C:\Users\Danbhi\Documents\Visual Studio 2012\Projects\Project\Project16\Debug\link.10944-rc.write.1.tlog
C:\Users\Danbhi\Documents\Visual Studio 2012\Projects\Project\Project16\Debug\link.10944.read.1.tlog
C:\Users\Danbhi\Documents\Visual Studio 2012\Projects\Project\Project16\Debug\link.10944.write.1.tlog
C:\Users\Danbhi\Documents\Visual Studio 2012\Projects\Project\Project16\Debug\link.1104-cvtres.read.1.tlog
C:\Users\Danbhi\Documents\Visual Studio 2012\Projects\Project\Project16\Debug\link.1104-cvtres.write.1.tlog
C:\Users\Danbhi\Documents\Visual Studio 2012\Projects\Project\Project16\Debug\link.1104-rc.read.1.tlog
C:\Users\Danbhi\Documents\Visual Studio 2012\Projects\Project\Project16\Debug\link.1104-rc.write.1.tlog
C:\Users\Danbhi\Documents\Visual Studio 2012\Projects\Project\Project16\Debug\link.1104.read.1.tlog
C:\Users\Danbhi\Documents\Visual Studio 2012\Projects\Project\Project16\Debug\link.1104.write.1.tlog
C:\Users\Danbhi\Documents\Visual Studio 2012\Projects\Project\Project16\Debug\link.11076-cvtres.read.1.tlog
C:\Users\Danbhi\Documents\Visual Studio 2012\Projects\Project\Project16\Debug\link.11076-cvtres.write.1.tlog
C:\Users\Danbhi\Documents\Visual Studio 2012\Projects\Project\Project16\Debug\link.11076-rc.read.1.tlog
C:\Users\Danbhi\Documents\Visual Studio 2012\Projects\Project\Project16\Debug\link.11076-rc.write.1.tlog
C:\Users\Danbhi\Documents\Visual Studio 2012\Projects\Project\Project16\Debug\link.11076.read.1.tlog
C:\Users\Danbhi\Documents\Visual Studio 2012\Projects\Project\Project16\Debug\link.11076.write.1.tlog
C:\Users\Danbhi\Documents\Visual Studio 2012\Projects\Project\Project16\Debug\link.11080-cvtres.read.1.tlog
C:\Users\Danbhi\Documents\Visual Studio 2012\Projects\Project\Project16\Debug\link.11080-cvtres.write.1.tlog
C:\Users\Danbhi\Documents\Visual Studio 2012\Projects\Project\Project16\Debug\link.11080-rc.read.1.tlog
C:\Users\Danbhi\Documents\Visual Studio 2012\Projects\Project\Project16\Debug\link.11080-rc.write.1.tlog
C:\Users\Danbhi\Documents\Visual Studio 2012\Projects\Project\Project16\Debug\link.11080.read.1.tlog
C:\Users\Danbhi\Documents\Visual Studio 2012\Projects\Project\Project16\Debug\link.11080.write.1.tlog
C:\Users\Danbhi\Documents\Visual Studio 2012\Projects\Project\Project16\Debug\link.11304-cvtres.read.1.tlog
C:\Users\Danbhi\Documents\Visual Studio 2012\Projects\Project\Project16\Debug\link.11304-cvtres.write.1.tlog
C:\Users\Danbhi\Documents\Visual Studio 2012\Projects\Project\Project16\Debug\link.11304-rc.read.1.tlog
C:\Users\Danbhi\Documents\Visual Studio 2012\Projects\Project\Project16\Debug\link.11304-rc.write.1.tlog
C:\Users\Danbhi\Documents\Visual Studio 2012\Projects\Project\Project16\Debug\link.11304.read.1.tlog
C:\Users\Danbhi\Documents\Visual Studio 2012\Projects\Project\Project16\Debug\link.11304.write.1.tlog
C:\Users\Danbhi\Documents\Visual Studio 2012\Projects\Project\Project16\Debug\link.11496-cvtres.read.1.tlog
C:\Users\Danbhi\Documents\Visual Studio 2012\Projects\Project\Project16\Debug\link.11496-cvtres.write.1.tlog
C:\Users\Danbhi\Documents\Visual Studio 2012\Projects\Project\Project16\Debug\link.11496-rc.read.1.tlog
C:\Users\Danbhi\Documents\Visual Studio 2012\Projects\Project\Project16\Debug\link.11496-rc.write.1.tlog
C:\Users\Danbhi\Documents\Visual Studio 2012\Projects\Project\Project16\Debug\link.11496.read.1.tlog
C:\Users\Danbhi\Documents\Visual Studio 2012\Projects\Project\Project16\Debug\link.11496.write.1.tlog
C:\Users\Danbhi\Documents\Visual Studio 2012\Projects\Project\Project16\Debug\link.12028-cvtres.read.1.tlog
C:\Users\Danbhi\Documents\Visual Studio 2012\Projects\Project\Project16\Debug\link.12028-cvtres.write.1.tlog
C:\Users\Danbhi\Documents\Visual Studio 2012\Projects\Project\Project16\Debug\link.12028-rc.read.1.tlog
C:\Users\Danbhi\Documents\Visual Studio 2012\Projects\Project\Project16\Debug\link.12028-rc.write.1.tlog
C:\Users\Danbhi\Documents\Visual Studio 2012\Projects\Project\Project16\Debug\link.12028.read.1.tlog
C:\Users\Danbhi\Documents\Visual Studio 2012\Projects\Project\Project16\Debug\link.12028.write.1.tlog
C:\Users\Danbhi\Documents\Visual Studio 2012\Projects\Project\Project16\Debug\link.12088-cvtres.read.1.tlog
C:\Users\Danbhi\Documents\Visual Studio 2012\Projects\Project\Project16\Debug\link.12088-cvtres.write.1.tlog
C:\Users\Danbhi\Documents\Visual Studio 2012\Projects\Project\Project16\Debug\link.12088-rc.read.1.tlog
C:\Users\Danbhi\Documents\Visual Studio 2012\Projects\Project\Project16\Debug\link.12088-rc.write.1.tlog
C:\Users\Danbhi\Documents\Visual Studio 2012\Projects\Project\Project16\Debug\link.12088.read.1.tlog
C:\Users\Danbhi\Documents\Visual Studio 2012\Projects\Project\Project16\Debug\link.12088.write.1.tlog
C:\Users\Danbhi\Documents\Visual Studio 2012\Projects\Project\Project16\Debug\link.12444-cvtres.read.1.tlog
C:\Users\Danbhi\Documents\Visual Studio 2012\Projects\Project\Project16\Debug\link.12444-cvtres.write.1.tlog
C:\Users\Danbhi\Documents\Visual Studio 2012\Projects\Project\Project16\Debug\link.12444-rc.read.1.tlog
C:\Users\Danbhi\Documents\Visual Studio 2012\Projects\Project\Project16\Debug\link.12444-rc.write.1.tlog
C:\Users\Danbhi\Documents\Visual Studio 2012\Projects\Project\Project16\Debug\link.12444.read.1.tlog
C:\Users\Danbhi\Documents\Visual Studio 2012\Projects\Project\Project16\Debug\link.12444.write.1.tlog
C:\Users\Danbhi\Documents\Visual Studio 2012\Projects\Project\Project16\Debug\link.1260-cvtres.read.1.tlog
C:\Users\Danbhi\Documents\Visual Studio 2012\Projects\Project\Project16\Debug\link.1260-cvtres.write.1.tlog
C:\Users\Danbhi\Documents\Visual Studio 2012\Projects\Project\Project16\Debug\link.1260-rc.read.1.tlog
C:\Users\Danbhi\Documents\Visual Studio 2012\Projects\Project\Project16\Debug\link.1260-rc.write.1.tlog
C:\Users\Danbhi\Documents\Visual Studio 2012\Projects\Project\Project16\Debug\link.1260.read.1.tlog
C:\Users\Danbhi\Documents\Visual Studio 2012\Projects\Project\Project16\Debug\link.1260.write.1.tlog
C:\Users\Danbhi\Documents\Visual Studio 2012\Projects\Project\Project16\Debug\link.12728-cvtres.read.1.tlog
C:\Users\Danbhi\Documents\Visual Studio 2012\Projects\Project\Project16\Debug\link.12728-cvtres.write.1.tlog
C:\Users\Danbhi\Documents\Visual Studio 2012\Projects\Project\Project16\Debug\link.12728-rc.read.1.tlog
C:\Users\Danbhi\Documents\Visual Studio 2012\Projects\Project\Project16\Debug\link.12728-rc.write.1.tlog
C:\Users\Danbhi\Documents\Visual Studio 2012\Projects\Project\Project16\Debug\link.12728.read.1.tlog
C:\Users\Danbhi\Documents\Visual Studio 2012\Projects\Project\Project16\Debug\link.12728.write.1.tlog
C:\Users\Danbhi\Documents\Visual Studio 2012\Projects\Project\Project16\Debug\link.12784-cvtres.read.1.tlog
C:\Users\Danbhi\Documents\Visual Studio 2012\Projects\Project\Project16\Debug\link.12784-cvtres.write.1.tlog
C:\Users\Danbhi\Documents\Visual Studio 2012\Projects\Project\Project16\Debug\link.12784-rc.read.1.tlog
C:\Users\Danbhi\Documents\Visual Studio 2012\Projects\Project\Project16\Debug\link.12784-rc.write.1.tlog
C:\Users\Danbhi\Documents\Visual Studio 2012\Projects\Project\Project16\Debug\link.12784.read.1.tlog
C:\Users\Danbhi\Documents\Visual Studio 2012\Projects\Project\Project16\Debug\link.12784.write.1.tlog
C:\Users\Danbhi\Documents\Visual Studio 2012\Projects\Project\Project16\Debug\link.12824-cvtres.read.1.tlog
C:\Users\Danbhi\Documents\Visual Studio 2012\Projects\Project\Project16\Debug\link.12824-cvtres.write.1.tlog
C:\Users\Danbhi\Documents\Visual Studio 2012\Projects\Project\Project16\Debug\link.12824-rc.read.1.tlog
C:\Users\Danbhi\Documents\Visual Studio 2012\Projects\Project\Project16\Debug\link.12824-rc.write.1.tlog
C:\Users\Danbhi\Documents\Visual Studio 2012\Projects\Project\Project16\Debug\link.12824.read.1.tlog
C:\Users\Danbhi\Documents\Visual Studio 2012\Projects\Project\Project16\Debug\link.12824.write.1.tlog
C:\Users\Danbhi\Documents\Visual Studio 2012\Projects\Project\Project16\Debug\link.12976-cvtres.read.1.tlog
C:\Users\Danbhi\Documents\Visual Studio 2012\Projects\Project\Project16\Debug\link.12976-cvtres.write.1.tlog
C:\Users\Danbhi\Documents\Visual Studio 2012\Projects\Project\Project16\Debug\link.12976-rc.read.1.tlog
C:\Users\Danbhi\Documents\Visual Studio 2012\Projects\Project\Project16\Debug\link.12976-rc.write.1.tlog
C:\Users\Danbhi\Documents\Visual Studio 2012\Projects\Project\Project16\Debug\link.12976.read.1.tlog
C:\Users\Danbhi\Documents\Visual Studio 2012\Projects\Project\Project16\Debug\link.12976.write.1.tlog
C:\Users\Danbhi\Documents\Visual Studio 2012\Projects\Project\Project16\Debug\link.1308-cvtres.read.1.tlog
C:\Users\Danbhi\Documents\Visual Studio 2012\Projects\Project\Project16\Debug\link.1308-cvtres.write.1.tlog
C:\Users\Danbhi\Documents\Visual Studio 2012\Projects\Project\Project16\Debug\link.1308-rc.read.1.tlog
C:\Users\Danbhi\Documents\Visual Studio 2012\Projects\Project\Project16\Debug\link.1308-rc.write.1.tlog
C:\Users\Danbhi\Documents\Visual Studio 2012\Projects\Project\Project16\Debug\link.1308.read.1.tlog
C:\Users\Danbhi\Documents\Visual Studio 2012\Projects\Project\Project16\Debug\link.1308.write.1.tlog
C:\Users\Danbhi\Documents\Visual Studio 2012\Projects\Project\Project16\Debug\link.14772-cvtres.read.1.tlog
C:\Users\Danbhi\Documents\Visual Studio 2012\Projects\Project\Project16\Debug\link.14772-cvtres.write.1.tlog
C:\Users\Danbhi\Documents\Visual Studio 2012\Projects\Project\Project16\Debug\link.14772-rc.read.1.tlog
C:\Users\Danbhi\Documents\Visual Studio 2012\Projects\Project\Project16\Debug\link.14772-rc.write.1.tlog
C:\Users\Danbhi\Documents\Visual Studio 2012\Projects\Project\Project16\Debug\link.14772.read.1.tlog
C:\Users\Danbhi\Documents\Visual Studio 2012\Projects\Project\Project16\Debug\link.14772.write.1.tlog
C:\Users\Danbhi\Documents\Visual Studio 2012\Projects\Project\Project16\Debug\link.15248-cvtres.read.1.tlog
C:\Users\Danbhi\Documents\Visual Studio 2012\Projects\Project\Project16\Debug\link.15248-cvtres.write.1.tlog
C:\Users\Danbhi\Documents\Visual Studio 2012\Projects\Project\Project16\Debug\link.15248-rc.read.1.tlog
C:\Users\Danbhi\Documents\Visual Studio 2012\Projects\Project\Project16\Debug\link.15248-rc.write.1.tlog
C:\Users\Danbhi\Documents\Visual Studio 2012\Projects\Project\Project16\Debug\link.15248.read.1.tlog
C:\Users\Danbhi\Documents\Visual Studio 2012\Projects\Project\Project16\Debug\link.15248.write.1.tlog
C:\Users\Danbhi\Documents\Visual Studio 2012\Projects\Project\Project16\Debug\link.1716-cvtres.read.1.tlog
C:\Users\Danbhi\Documents\Visual Studio 2012\Projects\Project\Project16\Debug\link.1716-cvtres.write.1.tlog
C:\Users\Danbhi\Documents\Visual Studio 2012\Projects\Project\Project16\Debug\link.1716-rc.read.1.tlog
C:\Users\Danbhi\Documents\Visual Studio 2012\Projects\Project\Project16\Debug\link.1716-rc.write.1.tlog
C:\Users\Danbhi\Documents\Visual Studio 2012\Projects\Project\Project16\Debug\link.1716.read.1.tlog
C:\Users\Danbhi\Documents\Visual Studio 2012\Projects\Project\Project16\Debug\link.1716.write.1.tlog
C:\Users\Danbhi\Documents\Visual Studio 2012\Projects\Project\Project16\Debug\link.1720-cvtres.read.1.tlog
C:\Users\Danbhi\Documents\Visual Studio 2012\Projects\Project\Project16\Debug\link.1720-cvtres.write.1.tlog
C:\Users\Danbhi\Documents\Visual Studio 2012\Projects\Project\Project16\Debug\link.1720-rc.read.1.tlog
C:\Users\Danbhi\Documents\Visual Studio 2012\Projects\Project\Project16\Debug\link.1720-rc.write.1.tlog
C:\Users\Danbhi\Documents\Visual Studio 2012\Projects\Project\Project16\Debug\link.1720.read.1.tlog
C:\Users\Danbhi\Documents\Visual Studio 2012\Projects\Project\Project16\Debug\link.1720.write.1.tlog
C:\Users\Danbhi\Documents\Visual Studio 2012\Projects\Project\Project16\Debug\link.2404-cvtres.read.1.tlog
C:\Users\Danbhi\Documents\Visual Studio 2012\Projects\Project\Project16\Debug\link.2404-cvtres.write.1.tlog
C:\Users\Danbhi\Documents\Visual Studio 2012\Projects\Project\Project16\Debug\link.2404-rc.read.1.tlog
C:\Users\Danbhi\Documents\Visual Studio 2012\Projects\Project\Project16\Debug\link.2404-rc.write.1.tlog
C:\Users\Danbhi\Documents\Visual Studio 2012\Projects\Project\Project16\Debug\link.2404.read.1.tlog
C:\Users\Danbhi\Documents\Visual Studio 2012\Projects\Project\Project16\Debug\link.2404.write.1.tlog
C:\Users\Danbhi\Documents\Visual Studio 2012\Projects\Project\Project16\Debug\link.2468-cvtres.read.1.tlog
C:\Users\Danbhi\Documents\Visual Studio 2012\Projects\Project\Project16\Debug\link.2468-cvtres.write.1.tlog
C:\Users\Danbhi\Documents\Visual Studio 2012\Projects\Project\Project16\Debug\link.2468-rc.read.1.tlog
C:\Users\Danbhi\Documents\Visual Studio 2012\Projects\Project\Project16\Debug\link.2468-rc.write.1.tlog
C:\Users\Danbhi\Documents\Visual Studio 2012\Projects\Project\Project16\Debug\link.2468.read.1.tlog
C:\Users\Danbhi\Documents\Visual Studio 2012\Projects\Project\Project16\Debug\link.2468.write.1.tlog
C:\Users\Danbhi\Documents\Visual Studio 2012\Projects\Project\Project16\Debug\link.260-cvtres.read.1.tlog
C:\Users\Danbhi\Documents\Visual Studio 2012\Projects\Project\Project16\Debug\link.260-cvtres.write.1.tlog
C:\Users\Danbhi\Documents\Visual Studio 2012\Projects\Project\Project16\Debug\link.260-rc.read.1.tlog
C:\Users\Danbhi\Documents\Visual Studio 2012\Projects\Project\Project16\Debug\link.260-rc.write.1.tlog
C:\Users\Danbhi\Documents\Visual Studio 2012\Projects\Project\Project16\Debug\link.260.read.1.tlog
C:\Users\Danbhi\Documents\Visual Studio 2012\Projects\Project\Project16\Debug\link.260.write.1.tlog
C:\Users\Danbhi\Documents\Visual Studio 2012\Projects\Project\Project16\Debug\link.2776-cvtres.read.1.tlog
C:\Users\Danbhi\Documents\Visual Studio 2012\Projects\Project\Project16\Debug\link.2776-cvtres.write.1.tlog
C:\Users\Danbhi\Documents\Visual Studio 2012\Projects\Project\Project16\Debug\link.2776-rc.read.1.tlog
C:\Users\Danbhi\Documents\Visual Studio 2012\Projects\Project\Project16\Debug\link.2776-rc.write.1.tlog
C:\Users\Danbhi\Documents\Visual Studio 2012\Projects\Project\Project16\Debug\link.2776.read.1.tlog
C:\Users\Danbhi\Documents\Visual Studio 2012\Projects\Project\Project16\Debug\link.2776.write.1.tlog
C:\Users\Danbhi\Documents\Visual Studio 2012\Projects\Project\Project16\Debug\link.3028-cvtres.read.1.tlog
C:\Users\Danbhi\Documents\Visual Studio 2012\Projects\Project\Project16\Debug\link.3028-cvtres.write.1.tlog
C:\Users\Danbhi\Documents\Visual Studio 2012\Projects\Project\Project16\Debug\link.3028-rc.read.1.tlog
C:\Users\Danbhi\Documents\Visual Studio 2012\Projects\Project\Project16\Debug\link.3028-rc.write.1.tlog
C:\Users\Danbhi\Documents\Visual Studio 2012\Projects\Project\Project16\Debug\link.3028.read.1.tlog
C:\Users\Danbhi\Documents\Visual Studio 2012\Projects\Project\Project16\Debug\link.3028.write.1.tlog
C:\Users\Danbhi\Documents\Visual Studio 2012\Projects\Project\Project16\Debug\link.3100-cvtres.read.1.tlog
C:\Users\Danbhi\Documents\Visual Studio 2012\Projects\Project\Project16\Debug\link.3100-cvtres.write.1.tlog
C:\Users\Danbhi\Documents\Visual Studio 2012\Projects\Project\Project16\Debug\link.3100-rc.read.1.tlog
C:\Users\Danbhi\Documents\Visual Studio 2012\Projects\Project\Project16\Debug\link.3100-rc.write.1.tlog
C:\Users\Danbhi\Documents\Visual Studio 2012\Projects\Project\Project16\Debug\link.3100.read.1.tlog
C:\Users\Danbhi\Documents\Visual Studio 2012\Projects\Project\Project16\Debug\link.3100.write.1.tlog
C:\Users\Danbhi\Documents\Visual Studio 2012\Projects\Project\Project16\Debug\link.312-cvtres.read.1.tlog
C:\Users\Danbhi\Documents\Visual Studio 2012\Projects\Project\Project16\Debug\link.312-cvtres.write.1.tlog
C:\Users\Danbhi\Documents\Visual Studio 2012\Projects\Project\Project16\Debug\link.312-rc.read.1.tlog
C:\Users\Danbhi\Documents\Visual Studio 2012\Projects\Project\Project16\Debug\link.312-rc.write.1.tlog
C:\Users\Danbhi\Documents\Visual Studio 2012\Projects\Project\Project16\Debug\link.312.read.1.tlog
C:\Users\Danbhi\Documents\Visual Studio 2012\Projects\Project\Project16\Debug\link.312.write.1.tlog
C:\Users\Danbhi\Documents\Visual Studio 2012\Projects\Project\Project16\Debug\link.3180-cvtres.read.1.tlog
C:\Users\Danbhi\Documents\Visual Studio 2012\Projects\Project\Project16\Debug\link.3180-cvtres.write.1.tlog
C:\Users\Danbhi\Documents\Visual Studio 2012\Projects\Project\Project16\Debug\link.3180-rc.read.1.tlog
C:\Users\Danbhi\Documents\Visual Studio 2012\Projects\Project\Project16\Debug\link.3180-rc.write.1.tlog
C:\Users\Danbhi\Documents\Visual Studio 2012\Projects\Project\Project16\Debug\link.3180.read.1.tlog
C:\Users\Danbhi\Documents\Visual Studio 2012\Projects\Project\Project16\Debug\link.3180.write.1.tlog
C:\Users\Danbhi\Documents\Visual Studio 2012\Projects\Project\Project16\Debug\link.3224-cvtres.read.1.tlog
C:\Users\Danbhi\Documents\Visual Studio 2012\Projects\Project\Project16\Debug\link.3224-cvtres.write.1.tlog
C:\Users\Danbhi\Documents\Visual Studio 2012\Projects\Project\Project16\Debug\link.3224-rc.read.1.tlog
C:\Users\Danbhi\Documents\Visual Studio 2012\Projects\Project\Project16\Debug\link.3224-rc.write.1.tlog
C:\Users\Danbhi\Documents\Visual Studio 2012\Projects\Project\Project16\Debug\link.3224.read.1.tlog
C:\Users\Danbhi\Documents\Visual Studio 2012\Projects\Project\Project16\Debug\link.3224.write.1.tlog
C:\Users\Danbhi\Documents\Visual Studio 2012\Projects\Project\Project16\Debug\link.3620-cvtres.read.1.tlog
C:\Users\Danbhi\Documents\Visual Studio 2012\Projects\Project\Project16\Debug\link.3620-cvtres.write.1.tlog
C:\Users\Danbhi\Documents\Visual Studio 2012\Projects\Project\Project16\Debug\link.3620-rc.read.1.tlog
C:\Users\Danbhi\Documents\Visual Studio 2012\Projects\Project\Project16\Debug\link.3620-rc.write.1.tlog
C:\Users\Danbhi\Documents\Visual Studio 2012\Projects\Project\Project16\Debug\link.3620.read.1.tlog
C:\Users\Danbhi\Documents\Visual Studio 2012\Projects\Project\Project16\Debug\link.3620.write.1.tlog
C:\Users\Danbhi\Documents\Visual Studio 2012\Projects\Project\Project16\Debug\link.380-cvtres.read.1.tlog
C:\Users\Danbhi\Documents\Visual Studio 2012\Projects\Project\Project16\Debug\link.380-cvtres.write.1.tlog
C:\Users\Danbhi\Documents\Visual Studio 2012\Projects\Project\Project16\Debug\link.380-rc.read.1.tlog
C:\Users\Danbhi\Documents\Visual Studio 2012\Projects\Project\Project16\Debug\link.380-rc.write.1.tlog
C:\Users\Danbhi\Documents\Visual Studio 2012\Projects\Project\Project16\Debug\link.380.read.1.tlog
C:\Users\Danbhi\Documents\Visual Studio 2012\Projects\Project\Project16\Debug\link.380.write.1.tlog
C:\Users\Danbhi\Documents\Visual Studio 2012\Projects\Project\Project16\Debug\link.4064-cvtres.read.1.tlog
C:\Users\Danbhi\Documents\Visual Studio 2012\Projects\Project\Project16\Debug\link.4064-cvtres.write.1.tlog
C:\Users\Danbhi\Documents\Visual Studio 2012\Projects\Project\Project16\Debug\link.4064-rc.read.1.tlog
C:\Users\Danbhi\Documents\Visual Studio 2012\Projects\Project\Project16\Debug\link.4064-rc.write.1.tlog
C:\Users\Danbhi\Documents\Visual Studio 2012\Projects\Project\Project16\Debug\link.4064.read.1.tlog
C:\Users\Danbhi\Documents\Visual Studio 2012\Projects\Project\Project16\Debug\link.4064.write.1.tlog
C:\Users\Danbhi\Documents\Visual Studio 2012\Projects\Project\Project16\Debug\link.4468-cvtres.read.1.tlog
C:\Users\Danbhi\Documents\Visual Studio 2012\Projects\Project\Project16\Debug\link.4468-cvtres.write.1.tlog
C:\Users\Danbhi\Documents\Visual Studio 2012\Projects\Project\Project16\Debug\link.4468-rc.read.1.tlog
C:\Users\Danbhi\Documents\Visual Studio 2012\Projects\Project\Project16\Debug\link.4468-rc.write.1.tlog
C:\Users\Danbhi\Documents\Visual Studio 2012\Projects\Project\Project16\Debug\link.4468.read.1.tlog
C:\Users\Danbhi\Documents\Visual Studio 2012\Projects\Project\Project16\Debug\link.4468.write.1.tlog
C:\Users\Danbhi\Documents\Visual Studio 2012\Projects\Project\Project16\Debug\link.4560-cvtres.read.1.tlog
C:\Users\Danbhi\Documents\Visual Studio 2012\Projects\Project\Project16\Debug\link.4560-cvtres.write.1.tlog
C:\Users\Danbhi\Documents\Visual Studio 2012\Projects\Project\Project16\Debug\link.4560-rc.read.1.tlog
C:\Users\Danbhi\Documents\Visual Studio 2012\Projects\Project\Project16\Debug\link.4560-rc.write.1.tlog
C:\Users\Danbhi\Documents\Visual Studio 2012\Projects\Project\Project16\Debug\link.4560.read.1.tlog
C:\Users\Danbhi\Documents\Visual Studio 2012\Projects\Project\Project16\Debug\link.4560.write.1.tlog
C:\Users\Danbhi\Documents\Visual Studio 2012\Projects\Project\Project16\Debug\link.4580-cvtres.read.1.tlog
C:\Users\Danbhi\Documents\Visual Studio 2012\Projects\Project\Project16\Debug\link.4580-cvtres.write.1.tlog
C:\Users\Danbhi\Documents\Visual Studio 2012\Projects\Project\Project16\Debug\link.4580-rc.read.1.tlog
C:\Users\Danbhi\Documents\Visual Studio 2012\Projects\Project\Project16\Debug\link.4580-rc.write.1.tlog
C:\Users\Danbhi\Documents\Visual Studio 2012\Projects\Project\Project16\Debug\link.4580.read.1.tlog
C:\Users\Danbhi\Documents\Visual Studio 2012\Projects\Project\Project16\Debug\link.4580.write.1.tlog
C:\Users\Danbhi\Documents\Visual Studio 2012\Projects\Project\Project16\Debug\link.4652-cvtres.read.1.tlog
C:\Users\Danbhi\Documents\Visual Studio 2012\Projects\Project\Project16\Debug\link.4652-cvtres.write.1.tlog
C:\Users\Danbhi\Documents\Visual Studio 2012\Projects\Project\Project16\Debug\link.4652-rc.read.1.tlog
C:\Users\Danbhi\Documents\Visual Studio 2012\Projects\Project\Project16\Debug\link.4652-rc.write.1.tlog
C:\Users\Danbhi\Documents\Visual Studio 2012\Projects\Project\Project16\Debug\link.4652.read.1.tlog
C:\Users\Danbhi\Documents\Visual Studio 2012\Projects\Project\Project16\Debug\link.4652.write.1.tlog
C:\Users\Danbhi\Documents\Visual Studio 2012\Projects\Project\Project16\Debug\link.492-cvtres.read.1.tlog
C:\Users\Danbhi\Documents\Visual Studio 2012\Projects\Project\Project16\Debug\link.492-cvtres.write.1.tlog
C:\Users\Danbhi\Documents\Visual Studio 2012\Projects\Project\Project16\Debug\link.492-rc.read.1.tlog
C:\Users\Danbhi\Documents\Visual Studio 2012\Projects\Project\Project16\Debug\link.492-rc.write.1.tlog
C:\Users\Danbhi\Documents\Visual Studio 2012\Projects\Project\Project16\Debug\link.492.read.1.tlog
C:\Users\Danbhi\Documents\Visual Studio 2012\Projects\Project\Project16\Debug\link.492.write.1.tlog
C:\Users\Danbhi\Documents\Visual Studio 2012\Projects\Project\Project16\Debug\link.4984-cvtres.read.1.tlog
C:\Users\Danbhi\Documents\Visual Studio 2012\Projects\Project\Project16\Debug\link.4984-cvtres.write.1.tlog
C:\Users\Danbhi\Documents\Visual Studio 2012\Projects\Project\Project16\Debug\link.4984-rc.read.1.tlog
C:\Users\Danbhi\Documents\Visual Studio 2012\Projects\Project\Project16\Debug\link.4984-rc.write.1.tlog
C:\Users\Danbhi\Documents\Visual Studio 2012\Projects\Project\Project16\Debug\link.4984.read.1.tlog
C:\Users\Danbhi\Documents\Visual Studio 2012\Projects\Project\Project16\Debug\link.4984.write.1.tlog
C:\Users\Danbhi\Documents\Visual Studio 2012\Projects\Project\Project16\Debug\link.5112-cvtres.read.1.tlog
C:\Users\Danbhi\Documents\Visual Studio 2012\Projects\Project\Project16\Debug\link.5112-cvtres.write.1.tlog
C:\Users\Danbhi\Documents\Visual Studio 2012\Projects\Project\Project16\Debug\link.5112-rc.read.1.tlog
C:\Users\Danbhi\Documents\Visual Studio 2012\Projects\Project\Project16\Debug\link.5112-rc.write.1.tlog
C:\Users\Danbhi\Documents\Visual Studio 2012\Projects\Project\Project16\Debug\link.5112.read.1.tlog
C:\Users\Danbhi\Documents\Visual Studio 2012\Projects\Project\Project16\Debug\link.5112.write.1.tlog
C:\Users\Danbhi\Documents\Visual Studio 2012\Projects\Project\Project16\Debug\link.5804-cvtres.read.1.tlog
C:\Users\Danbhi\Documents\Visual Studio 2012\Projects\Project\Project16\Debug\link.5804-cvtres.write.1.tlog
C:\Users\Danbhi\Documents\Visual Studio 2012\Projects\Project\Project16\Debug\link.5804-rc.read.1.tlog
C:\Users\Danbhi\Documents\Visual Studio 2012\Projects\Project\Project16\Debug\link.5804-rc.write.1.tlog
C:\Users\Danbhi\Documents\Visual Studio 2012\Projects\Project\Project16\Debug\link.5804.read.1.tlog
C:\Users\Danbhi\Documents\Visual Studio 2012\Projects\Project\Project16\Debug\link.5804.write.1.tlog
C:\Users\Danbhi\Documents\Visual Studio 2012\Projects\Project\Project16\Debug\link.6020-cvtres.read.1.tlog
C:\Users\Danbhi\Documents\Visual Studio 2012\Projects\Project\Project16\Debug\link.6020-cvtres.write.1.tlog
C:\Users\Danbhi\Documents\Visual Studio 2012\Projects\Project\Project16\Debug\link.6020-rc.read.1.tlog
C:\Users\Danbhi\Documents\Visual Studio 2012\Projects\Project\Project16\Debug\link.6020-rc.write.1.tlog
C:\Users\Danbhi\Documents\Visual Studio 2012\Projects\Project\Project16\Debug\link.6020.read.1.tlog
C:\Users\Danbhi\Documents\Visual Studio 2012\Projects\Project\Project16\Debug\link.6020.write.1.tlog
C:\Users\Danbhi\Documents\Visual Studio 2012\Projects\Project\Project16\Debug\link.6080-cvtres.read.1.tlog
C:\Users\Danbhi\Documents\Visual Studio 2012\Projects\Project\Project16\Debug\link.6080-cvtres.write.1.tlog
C:\Users\Danbhi\Documents\Visual Studio 2012\Projects\Project\Project16\Debug\link.6080-rc.read.1.tlog
C:\Users\Danbhi\Documents\Visual Studio 2012\Projects\Project\Project16\Debug\link.6080-rc.write.1.tlog
C:\Users\Danbhi\Documents\Visual Studio 2012\Projects\Project\Project16\Debug\link.6080.read.1.tlog
C:\Users\Danbhi\Documents\Visual Studio 2012\Projects\Project\Project16\Debug\link.6080.write.1.tlog
C:\Users\Danbhi\Documents\Visual Studio 2012\Projects\Project\Project16\Debug\link.6084-cvtres.read.1.tlog
C:\Users\Danbhi\Documents\Visual Studio 2012\Projects\Project\Project16\Debug\link.6084-cvtres.write.1.tlog
C:\Users\Danbhi\Documents\Visual Studio 2012\Projects\Project\Project16\Debug\link.6084-rc.read.1.tlog
C:\Users\Danbhi\Documents\Visual Studio 2012\Projects\Project\Project16\Debug\link.6084-rc.write.1.tlog
C:\Users\Danbhi\Documents\Visual Studio 2012\Projects\Project\Project16\Debug\link.6084.read.1.tlog
C:\Users\Danbhi\Documents\Visual Studio 2012\Projects\Project\Project16\Debug\link.6084.write.1.tlog
C:\Users\Danbhi\Documents\Visual Studio 2012\Projects\Project\Project16\Debug\link.6100-cvtres.read.1.tlog
C:\Users\Danbhi\Documents\Visual Studio 2012\Projects\Project\Project16\Debug\link.6100-cvtres.write.1.tlog
C:\Users\Danbhi\Documents\Visual Studio 2012\Projects\Project\Project16\Debug\link.6100-rc.read.1.tlog
C:\Users\Danbhi\Documents\Visual Studio 2012\Projects\Project\Project16\Debug\link.6100-rc.write.1.tlog
C:\Users\Danbhi\Documents\Visual Studio 2012\Projects\Project\Project16\Debug\link.6100.read.1.tlog
C:\Users\Danbhi\Documents\Visual Studio 2012\Projects\Project\Project16\Debug\link.6100.write.1.tlog
C:\Users\Danbhi\Documents\Visual Studio 2012\Projects\Project\Project16\Debug\link.6352-cvtres.read.1.tlog
C:\Users\Danbhi\Documents\Visual Studio 2012\Projects\Project\Project16\Debug\link.6352-cvtres.write.1.tlog
C:\Users\Danbhi\Documents\Visual Studio 2012\Projects\Project\Project16\Debug\link.6352-rc.read.1.tlog
C:\Users\Danbhi\Documents\Visual Studio 2012\Projects\Project\Project16\Debug\link.6352-rc.write.1.tlog
C:\Users\Danbhi\Documents\Visual Studio 2012\Projects\Project\Project16\Debug\link.6352.read.1.tlog
C:\Users\Danbhi\Documents\Visual Studio 2012\Projects\Project\Project16\Debug\link.6352.write.1.tlog
C:\Users\Danbhi\Documents\Visual Studio 2012\Projects\Project\Project16\Debug\link.6388-cvtres.read.1.tlog
C:\Users\Danbhi\Documents\Visual Studio 2012\Projects\Project\Project16\Debug\link.6388-cvtres.write.1.tlog
C:\Users\Danbhi\Documents\Visual Studio 2012\Projects\Project\Project16\Debug\link.6388-rc.read.1.tlog
C:\Users\Danbhi\Documents\Visual Studio 2012\Projects\Project\Project16\Debug\link.6388-rc.write.1.tlog
C:\Users\Danbhi\Documents\Visual Studio 2012\Projects\Project\Project16\Debug\link.6388.read.1.tlog
C:\Users\Danbhi\Documents\Visual Studio 2012\Projects\Project\Project16\Debug\link.6388.write.1.tlog
C:\Users\Danbhi\Documents\Visual Studio 2012\Projects\Project\Project16\Debug\link.6444-cvtres.read.1.tlog
C:\Users\Danbhi\Documents\Visual Studio 2012\Projects\Project\Project16\Debug\link.6444-cvtres.write.1.tlog
C:\Users\Danbhi\Documents\Visual Studio 2012\Projects\Project\Project16\Debug\link.6444-rc.read.1.tlog
C:\Users\Danbhi\Documents\Visual Studio 2012\Projects\Project\Project16\Debug\link.6444-rc.write.1.tlog
C:\Users\Danbhi\Documents\Visual Studio 2012\Projects\Project\Project16\Debug\link.6444.read.1.tlog
C:\Users\Danbhi\Documents\Visual Studio 2012\Projects\Project\Project16\Debug\link.6444.write.1.tlog
C:\Users\Danbhi\Documents\Visual Studio 2012\Projects\Project\Project16\Debug\link.6456-cvtres.read.1.tlog
C:\Users\Danbhi\Documents\Visual Studio 2012\Projects\Project\Project16\Debug\link.6456-cvtres.write.1.tlog
C:\Users\Danbhi\Documents\Visual Studio 2012\Projects\Project\Project16\Debug\link.6456-rc.read.1.tlog
C:\Users\Danbhi\Documents\Visual Studio 2012\Projects\Project\Project16\Debug\link.6456-rc.write.1.tlog
C:\Users\Danbhi\Documents\Visual Studio 2012\Projects\Project\Project16\Debug\link.6456.read.1.tlog
C:\Users\Danbhi\Documents\Visual Studio 2012\Projects\Project\Project16\Debug\link.6456.write.1.tlog
C:\Users\Danbhi\Documents\Visual Studio 2012\Projects\Project\Project16\Debug\link.6716-cvtres.read.1.tlog
C:\Users\Danbhi\Documents\Visual Studio 2012\Projects\Project\Project16\Debug\link.6716-cvtres.write.1.tlog
C:\Users\Danbhi\Documents\Visual Studio 2012\Projects\Project\Project16\Debug\link.6716-rc.read.1.tlog
C:\Users\Danbhi\Documents\Visual Studio 2012\Projects\Project\Project16\Debug\link.6716-rc.write.1.tlog
C:\Users\Danbhi\Documents\Visual Studio 2012\Projects\Project\Project16\Debug\link.6716.read.1.tlog
C:\Users\Danbhi\Documents\Visual Studio 2012\Projects\Project\Project16\Debug\link.6716.write.1.tlog
C:\Users\Danbhi\Documents\Visual Studio 2012\Projects\Project\Project16\Debug\link.6836.read.1.tlog
C:\Users\Danbhi\Documents\Visual Studio 2012\Projects\Project\Project16\Debug\link.6836.write.1.tlog
C:\Users\Danbhi\Documents\Visual Studio 2012\Projects\Project\Project16\Debug\link.6872-cvtres.read.1.tlog
C:\Users\Danbhi\Documents\Visual Studio 2012\Projects\Project\Project16\Debug\link.6872-cvtres.write.1.tlog
C:\Users\Danbhi\Documents\Visual Studio 2012\Projects\Project\Project16\Debug\link.6872-rc.read.1.tlog
C:\Users\Danbhi\Documents\Visual Studio 2012\Projects\Project\Project16\Debug\link.6872-rc.write.1.tlog
C:\Users\Danbhi\Documents\Visual Studio 2012\Projects\Project\Project16\Debug\link.6872.read.1.tlog
C:\Users\Danbhi\Documents\Visual Studio 2012\Projects\Project\Project16\Debug\link.6872.write.1.tlog
C:\Users\Danbhi\Documents\Visual Studio 2012\Projects\Project\Project16\Debug\link.6892-cvtres.read.1.tlog
C:\Users\Danbhi\Documents\Visual Studio 2012\Projects\Project\Project16\Debug\link.6892-cvtres.write.1.tlog
C:\Users\Danbhi\Documents\Visual Studio 2012\Projects\Project\Project16\Debug\link.6892-rc.read.1.tlog
C:\Users\Danbhi\Documents\Visual Studio 2012\Projects\Project\Project16\Debug\link.6892-rc.write.1.tlog
C:\Users\Danbhi\Documents\Visual Studio 2012\Projects\Project\Project16\Debug\link.6892.read.1.tlog
C:\Users\Danbhi\Documents\Visual Studio 2012\Projects\Project\Project16\Debug\link.6892.write.1.tlog
C:\Users\Danbhi\Documents\Visual Studio 2012\Projects\Project\Project16\Debug\link.7012-cvtres.read.1.tlog
C:\Users\Danbhi\Documents\Visual Studio 2012\Projects\Project\Project16\Debug\link.7012-cvtres.write.1.tlog
C:\Users\Danbhi\Documents\Visual Studio 2012\Projects\Project\Project16\Debug\link.7012-rc.read.1.tlog
C:\Users\Danbhi\Documents\Visual Studio 2012\Projects\Project\Project16\Debug\link.7012-rc.write.1.tlog
C:\Users\Danbhi\Documents\Visual Studio 2012\Projects\Project\Project16\Debug\link.7012.read.1.tlog
C:\Users\Danbhi\Documents\Visual Studio 2012\Projects\Project\Project16\Debug\link.7012.write.1.tlog
C:\Users\Danbhi\Documents\Visual Studio 2012\Projects\Project\Project16\Debug\link.7208-cvtres.read.1.tlog
C:\Users\Danbhi\Documents\Visual Studio 2012\Projects\Project\Project16\Debug\link.7208-cvtres.write.1.tlog
C:\Users\Danbhi\Documents\Visual Studio 2012\Projects\Project\Project16\Debug\link.7208-rc.read.1.tlog
C:\Users\Danbhi\Documents\Visual Studio 2012\Projects\Project\Project16\Debug\link.7208-rc.write.1.tlog
C:\Users\Danbhi\Documents\Visual Studio 2012\Projects\Project\Project16\Debug\link.7208.read.1.tlog
C:\Users\Danbhi\Documents\Visual Studio 2012\Projects\Project\Project16\Debug\link.7208.write.1.tlog
C:\Users\Danbhi\Documents\Visual Studio 2012\Projects\Project\Project16\Debug\link.7224-cvtres.read.1.tlog
C:\Users\Danbhi\Documents\Visual Studio 2012\Projects\Project\Project16\Debug\link.7224-cvtres.write.1.tlog
C:\Users\Danbhi\Documents\Visual Studio 2012\Projects\Project\Project16\Debug\link.7224-rc.read.1.tlog
C:\Users\Danbhi\Documents\Visual Studio 2012\Projects\Project\Project16\Debug\link.7224-rc.write.1.tlog
C:\Users\Danbhi\Documents\Visual Studio 2012\Projects\Project\Project16\Debug\link.7224.read.1.tlog
C:\Users\Danbhi\Documents\Visual Studio 2012\Projects\Project\Project16\Debug\link.7224.write.1.tlog
C:\Users\Danbhi\Documents\Visual Studio 2012\Projects\Project\Project16\Debug\link.7308-cvtres.read.1.tlog
C:\Users\Danbhi\Documents\Visual Studio 2012\Projects\Project\Project16\Debug\link.7308-cvtres.write.1.tlog
C:\Users\Danbhi\Documents\Visual Studio 2012\Projects\Project\Project16\Debug\link.7308-rc.read.1.tlog
C:\Users\Danbhi\Documents\Visual Studio 2012\Projects\Project\Project16\Debug\link.7308-rc.write.1.tlog
C:\Users\Danbhi\Documents\Visual Studio 2012\Projects\Project\Project16\Debug\link.7308.read.1.tlog
C:\Users\Danbhi\Documents\Visual Studio 2012\Projects\Project\Project16\Debug\link.7308.write.1.tlog
C:\Users\Danbhi\Documents\Visual Studio 2012\Projects\Project\Project16\Debug\link.7384-cvtres.read.1.tlog
C:\Users\Danbhi\Documents\Visual Studio 2012\Projects\Project\Project16\Debug\link.7384-cvtres.write.1.tlog
C:\Users\Danbhi\Documents\Visual Studio 2012\Projects\Project\Project16\Debug\link.7384-rc.read.1.tlog
C:\Users\Danbhi\Documents\Visual Studio 2012\Projects\Project\Project16\Debug\link.7384-rc.write.1.tlog
C:\Users\Danbhi\Documents\Visual Studio 2012\Projects\Project\Project16\Debug\link.7384.read.1.tlog
C:\Users\Danbhi\Documents\Visual Studio 2012\Projects\Project\Project16\Debug\link.7384.write.1.tlog
C:\Users\Danbhi\Documents\Visual Studio 2012\Projects\Project\Project16\Debug\link.7580-cvtres.read.1.tlog
C:\Users\Danbhi\Documents\Visual Studio 2012\Projects\Project\Project16\Debug\link.7580-cvtres.write.1.tlog
C:\Users\Danbhi\Documents\Visual Studio 2012\Projects\Project\Project16\Debug\link.7580-rc.read.1.tlog
C:\Users\Danbhi\Documents\Visual Studio 2012\Projects\Project\Project16\Debug\link.7580-rc.write.1.tlog
C:\Users\Danbhi\Documents\Visual Studio 2012\Projects\Project\Project16\Debug\link.7580.read.1.tlog
C:\Users\Danbhi\Documents\Visual Studio 2012\Projects\Project\Project16\Debug\link.7580.write.1.tlog
C:\Users\Danbhi\Documents\Visual Studio 2012\Projects\Project\Project16\Debug\link.7616-cvtres.read.1.tlog
C:\Users\Danbhi\Documents\Visual Studio 2012\Projects\Project\Project16\Debug\link.7616-cvtres.write.1.tlog
C:\Users\Danbhi\Documents\Visual Studio 2012\Projects\Project\Project16\Debug\link.7616-rc.read.1.tlog
C:\Users\Danbhi\Documents\Visual Studio 2012\Projects\Project\Project16\Debug\link.7616-rc.write.1.tlog
C:\Users\Danbhi\Documents\Visual Studio 2012\Projects\Project\Project16\Debug\link.7616.read.1.tlog
C:\Users\Danbhi\Documents\Visual Studio 2012\Projects\Project\Project16\Debug\link.7616.write.1.tlog
C:\Users\Danbhi\Documents\Visual Studio 2012\Projects\Project\Project16\Debug\link.7700-cvtres.read.1.tlog
C:\Users\Danbhi\Documents\Visual Studio 2012\Projects\Project\Project16\Debug\link.7700-cvtres.write.1.tlog
C:\Users\Danbhi\Documents\Visual Studio 2012\Projects\Project\Project16\Debug\link.7700-rc.read.1.tlog
C:\Users\Danbhi\Documents\Visual Studio 2012\Projects\Project\Project16\Debug\link.7700-rc.write.1.tlog
C:\Users\Danbhi\Documents\Visual Studio 2012\Projects\Project\Project16\Debug\link.7700.read.1.tlog
C:\Users\Danbhi\Documents\Visual Studio 2012\Projects\Project\Project16\Debug\link.7700.write.1.tlog
C:\Users\Danbhi\Documents\Visual Studio 2012\Projects\Project\Project16\Debug\link.784-cvtres.read.1.tlog
C:\Users\Danbhi\Documents\Visual Studio 2012\Projects\Project\Project16\Debug\link.784-cvtres.write.1.tlog
C:\Users\Danbhi\Documents\Visual Studio 2012\Projects\Project\Project16\Debug\link.784-rc.read.1.tlog
C:\Users\Danbhi\Documents\Visual Studio 2012\Projects\Project\Project16\Debug\link.784-rc.write.1.tlog
C:\Users\Danbhi\Documents\Visual Studio 2012\Projects\Project\Project16\Debug\link.784.read.1.tlog
C:\Users\Danbhi\Documents\Visual Studio 2012\Projects\Project\Project16\Debug\link.784.write.1.tlog
C:\Users\Danbhi\Documents\Visual Studio 2012\Projects\Project\Project16\Debug\link.7936-cvtres.read.1.tlog
C:\Users\Danbhi\Documents\Visual Studio 2012\Projects\Project\Project16\Debug\link.7936-cvtres.write.1.tlog
C:\Users\Danbhi\Documents\Visual Studio 2012\Projects\Project\Project16\Debug\link.7936-rc.read.1.tlog
C:\Users\Danbhi\Documents\Visual Studio 2012\Projects\Project\Project16\Debug\link.7936-rc.write.1.tlog
C:\Users\Danbhi\Documents\Visual Studio 2012\Projects\Project\Project16\Debug\link.7936.read.1.tlog
C:\Users\Danbhi\Documents\Visual Studio 2012\Projects\Project\Project16\Debug\link.7936.write.1.tlog
C:\Users\Danbhi\Documents\Visual Studio 2012\Projects\Project\Project16\Debug\link.8056-cvtres.read.1.tlog
C:\Users\Danbhi\Documents\Visual Studio 2012\Projects\Project\Project16\Debug\link.8056-cvtres.write.1.tlog
C:\Users\Danbhi\Documents\Visual Studio 2012\Projects\Project\Project16\Debug\link.8056-rc.read.1.tlog
C:\Users\Danbhi\Documents\Visual Studio 2012\Projects\Project\Project16\Debug\link.8056-rc.write.1.tlog
C:\Users\Danbhi\Documents\Visual Studio 2012\Projects\Project\Project16\Debug\link.8056.read.1.tlog
C:\Users\Danbhi\Documents\Visual Studio 2012\Projects\Project\Project16\Debug\link.8056.write.1.tlog
C:\Users\Danbhi\Documents\Visual Studio 2012\Projects\Project\Project16\Debug\link.8384-cvtres.read.1.tlog
C:\Users\Danbhi\Documents\Visual Studio 2012\Projects\Project\Project16\Debug\link.8384-cvtres.write.1.tlog
C:\Users\Danbhi\Documents\Visual Studio 2012\Projects\Project\Project16\Debug\link.8384-rc.read.1.tlog
C:\Users\Danbhi\Documents\Visual Studio 2012\Projects\Project\Project16\Debug\link.8384-rc.write.1.tlog
C:\Users\Danbhi\Documents\Visual Studio 2012\Projects\Project\Project16\Debug\link.8384.read.1.tlog
C:\Users\Danbhi\Documents\Visual Studio 2012\Projects\Project\Project16\Debug\link.8384.write.1.tlog
C:\Users\Danbhi\Documents\Visual Studio 2012\Projects\Project\Project16\Debug\link.8444-cvtres.read.1.tlog
C:\Users\Danbhi\Documents\Visual Studio 2012\Projects\Project\Project16\Debug\link.8444-cvtres.write.1.tlog
C:\Users\Danbhi\Documents\Visual Studio 2012\Projects\Project\Project16\Debug\link.8444-rc.read.1.tlog
C:\Users\Danbhi\Documents\Visual Studio 2012\Projects\Project\Project16\Debug\link.8444-rc.write.1.tlog
C:\Users\Danbhi\Documents\Visual Studio 2012\Projects\Project\Project16\Debug\link.8444.read.1.tlog
C:\Users\Danbhi\Documents\Visual Studio 2012\Projects\Project\Project16\Debug\link.8444.write.1.tlog
C:\Users\Danbhi\Documents\Visual Studio 2012\Projects\Project\Project16\Debug\link.8488-cvtres.read.1.tlog
C:\Users\Danbhi\Documents\Visual Studio 2012\Projects\Project\Project16\Debug\link.8488-cvtres.write.1.tlog
C:\Users\Danbhi\Documents\Visual Studio 2012\Projects\Project\Project16\Debug\link.8488-rc.read.1.tlog
C:\Users\Danbhi\Documents\Visual Studio 2012\Projects\Project\Project16\Debug\link.8488-rc.write.1.tlog
C:\Users\Danbhi\Documents\Visual Studio 2012\Projects\Project\Project16\Debug\link.8488.read.1.tlog
C:\Users\Danbhi\Documents\Visual Studio 2012\Projects\Project\Project16\Debug\link.8488.write.1.tlog
C:\Users\Danbhi\Documents\Visual Studio 2012\Projects\Project\Project16\Debug\link.8500-cvtres.read.1.tlog
C:\Users\Danbhi\Documents\Visual Studio 2012\Projects\Project\Project16\Debug\link.8500-cvtres.write.1.tlog
C:\Users\Danbhi\Documents\Visual Studio 2012\Projects\Project\Project16\Debug\link.8500-rc.read.1.tlog
C:\Users\Danbhi\Documents\Visual Studio 2012\Projects\Project\Project16\Debug\link.8500-rc.write.1.tlog
C:\Users\Danbhi\Documents\Visual Studio 2012\Projects\Project\Project16\Debug\link.8500.read.1.tlog
C:\Users\Danbhi\Documents\Visual Studio 2012\Projects\Project\Project16\Debug\link.8500.write.1.tlog
C:\Users\Danbhi\Documents\Visual Studio 2012\Projects\Project\Project16\Debug\link.8632-cvtres.read.1.tlog
C:\Users\Danbhi\Documents\Visual Studio 2012\Projects\Project\Project16\Debug\link.8632-cvtres.write.1.tlog
C:\Users\Danbhi\Documents\Visual Studio 2012\Projects\Project\Project16\Debug\link.8632-rc.read.1.tlog
C:\Users\Danbhi\Documents\Visual Studio 2012\Projects\Project\Project16\Debug\link.8632-rc.write.1.tlog
C:\Users\Danbhi\Documents\Visual Studio 2012\Projects\Project\Project16\Debug\link.8632.read.1.tlog
C:\Users\Danbhi\Documents\Visual Studio 2012\Projects\Project\Project16\Debug\link.8632.write.1.tlog
C:\Users\Danbhi\Documents\Visual Studio 2012\Projects\Project\Project16\Debug\link.8688-cvtres.read.1.tlog
C:\Users\Danbhi\Documents\Visual Studio 2012\Projects\Project\Project16\Debug\link.8688-cvtres.write.1.tlog
C:\Users\Danbhi\Documents\Visual Studio 2012\Projects\Project\Project16\Debug\link.8688-rc.read.1.tlog
C:\Users\Danbhi\Documents\Visual Studio 2012\Projects\Project\Project16\Debug\link.8688-rc.write.1.tlog
C:\Users\Danbhi\Documents\Visual Studio 2012\Projects\Project\Project16\Debug\link.8688.read.1.tlog
C:\Users\Danbhi\Documents\Visual Studio 2012\Projects\Project\Project16\Debug\link.8688.write.1.tlog
C:\Users\Danbhi\Documents\Visual Studio 2012\Projects\Project\Project16\Debug\link.8776-cvtres.read.1.tlog
C:\Users\Danbhi\Documents\Visual Studio 2012\Projects\Project\Project16\Debug\link.8776-cvtres.write.1.tlog
C:\Users\Danbhi\Documents\Visual Studio 2012\Projects\Project\Project16\Debug\link.8776-rc.read.1.tlog
C:\Users\Danbhi\Documents\Visual Studio 2012\Projects\Project\Project16\Debug\link.8776-rc.write.1.tlog
C:\Users\Danbhi\Documents\Visual Studio 2012\Projects\Project\Project16\Debug\link.8776.read.1.tlog
C:\Users\Danbhi\Documents\Visual Studio 2012\Projects\Project\Project16\Debug\link.8776.write.1.tlog
C:\Users\Danbhi\Documents\Visual Studio 2012\Projects\Project\Project16\Debug\link.8964-cvtres.read.1.tlog
C:\Users\Danbhi\Documents\Visual Studio 2012\Projects\Project\Project16\Debug\link.8964-cvtres.write.1.tlog
C:\Users\Danbhi\Documents\Visual Studio 2012\Projects\Project\Project16\Debug\link.8964-rc.read.1.tlog
C:\Users\Danbhi\Documents\Visual Studio 2012\Projects\Project\Project16\Debug\link.8964-rc.write.1.tlog
C:\Users\Danbhi\Documents\Visual Studio 2012\Projects\Project\Project16\Debug\link.8964.read.1.tlog
C:\Users\Danbhi\Documents\Visual Studio 2012\Projects\Project\Project16\Debug\link.8964.write.1.tlog
C:\Users\Danbhi\Documents\Visual Studio 2012\Projects\Project\Project16\Debug\link.9064-cvtres.read.1.tlog
C:\Users\Danbhi\Documents\Visual Studio 2012\Projects\Project\Project16\Debug\link.9064-cvtres.write.1.tlog
C:\Users\Danbhi\Documents\Visual Studio 2012\Projects\Project\Project16\Debug\link.9064-rc.read.1.tlog
C:\Users\Danbhi\Documents\Visual Studio 2012\Projects\Project\Project16\Debug\link.9064-rc.write.1.tlog
C:\Users\Danbhi\Documents\Visual Studio 2012\Projects\Project\Project16\Debug\link.9064.read.1.tlog
C:\Users\Danbhi\Documents\Visual Studio 2012\Projects\Project\Project16\Debug\link.9064.write.1.tlog
C:\Users\Danbhi\Documents\Visual Studio 2012\Projects\Project\Project16\Debug\link.9112-cvtres.read.1.tlog
C:\Users\Danbhi\Documents\Visual Studio 2012\Projects\Project\Project16\Debug\link.9112-cvtres.write.1.tlog
C:\Users\Danbhi\Documents\Visual Studio 2012\Projects\Project\Project16\Debug\link.9112-rc.read.1.tlog
C:\Users\Danbhi\Documents\Visual Studio 2012\Projects\Project\Project16\Debug\link.9112-rc.write.1.tlog
C:\Users\Danbhi\Documents\Visual Studio 2012\Projects\Project\Project16\Debug\link.9112.read.1.tlog
C:\Users\Danbhi\Documents\Visual Studio 2012\Projects\Project\Project16\Debug\link.9112.write.1.tlog
C:\Users\Danbhi\Documents\Visual Studio 2012\Projects\Project\Project16\Debug\link.9228-cvtres.read.1.tlog
C:\Users\Danbhi\Documents\Visual Studio 2012\Projects\Project\Project16\Debug\link.9228-cvtres.write.1.tlog
C:\Users\Danbhi\Documents\Visual Studio 2012\Projects\Project\Project16\Debug\link.9228-rc.read.1.tlog
C:\Users\Danbhi\Documents\Visual Studio 2012\Projects\Project\Project16\Debug\link.9228-rc.write.1.tlog
C:\Users\Danbhi\Documents\Visual Studio 2012\Projects\Project\Project16\Debug\link.9228.read.1.tlog
C:\Users\Danbhi\Documents\Visual Studio 2012\Projects\Project\Project16\Debug\link.9228.write.1.tlog
C:\Users\Danbhi\Documents\Visual Studio 2012\Projects\Project\Project16\Debug\link.9400-cvtres.read.1.tlog
C:\Users\Danbhi\Documents\Visual Studio 2012\Projects\Project\Project16\Debug\link.9400-cvtres.write.1.tlog
C:\Users\Danbhi\Documents\Visual Studio 2012\Projects\Project\Project16\Debug\link.9400-rc.read.1.tlog
C:\Users\Danbhi\Documents\Visual Studio 2012\Projects\Project\Project16\Debug\link.9400-rc.write.1.tlog
C:\Users\Danbhi\Documents\Visual Studio 2012\Projects\Project\Project16\Debug\link.9400.read.1.tlog
C:\Users\Danbhi\Documents\Visual Studio 2012\Projects\Project\Project16\Debug\link.9400.write.1.tlog
C:\Users\Danbhi\Documents\Visual Studio 2012\Projects\Project\Project16\Debug\link.9616-cvtres.read.1.tlog
C:\Users\Danbhi\Documents\Visual Studio 2012\Projects\Project\Project16\Debug\link.9616-cvtres.write.1.tlog
C:\Users\Danbhi\Documents\Visual Studio 2012\Projects\Project\Project16\Debug\link.9616-rc.read.1.tlog
C:\Users\Danbhi\Documents\Visual Studio 2012\Projects\Project\Project16\Debug\link.9616-rc.write.1.tlog
C:\Users\Danbhi\Documents\Visual Studio 2012\Projects\Project\Project16\Debug\link.9616.read.1.tlog
C:\Users\Danbhi\Documents\Visual Studio 2012\Projects\Project\Project16\Debug\link.9616.write.1.tlog
C:\Users\Danbhi\Documents\Visual Studio 2012\Projects\Project\Project16\Debug\link.9624-cvtres.read.1.tlog
C:\Users\Danbhi\Documents\Visual Studio 2012\Projects\Project\Project16\Debug\link.9624-cvtres.write.1.tlog
C:\Users\Danbhi\Documents\Visual Studio 2012\Projects\Project\Project16\Debug\link.9624-rc.read.1.tlog
C:\Users\Danbhi\Documents\Visual Studio 2012\Projects\Project\Project16\Debug\link.9624-rc.write.1.tlog
C:\Users\Danbhi\Documents\Visual Studio 2012\Projects\Project\Project16\Debug\link.9624.read.1.tlog
C:\Users\Danbhi\Documents\Visual Studio 2012\Projects\Project\Project16\Debug\link.9624.write.1.tlog
C:\Users\Danbhi\Documents\Visual Studio 2012\Projects\Project\Project16\Debug\link.972-cvtres.read.1.tlog
C:\Users\Danbhi\Documents\Visual Studio 2012\Projects\Project\Project16\Debug\link.972-cvtres.write.1.tlog
C:\Users\Danbhi\Documents\Visual Studio 2012\Projects\Project\Project16\Debug\link.972-rc.read.1.tlog
C:\Users\Danbhi\Documents\Visual Studio 2012\Projects\Project\Project16\Debug\link.972-rc.write.1.tlog
C:\Users\Danbhi\Documents\Visual Studio 2012\Projects\Project\Project16\Debug\link.972.read.1.tlog
C:\Users\Danbhi\Documents\Visual Studio 2012\Projects\Project\Project16\Debug\link.972.write.1.tlog
C:\Users\Danbhi\Documents\Visual Studio 2012\Projects\Project\Project16\Debug\link.9740-cvtres.read.1.tlog
C:\Users\Danbhi\Documents\Visual Studio 2012\Projects\Project\Project16\Debug\link.9740-cvtres.write.1.tlog
C:\Users\Danbhi\Documents\Visual Studio 2012\Projects\Project\Project16\Debug\link.9740-rc.read.1.tlog
C:\Users\Danbhi\Documents\Visual Studio 2012\Projects\Project\Project16\Debug\link.9740-rc.write.1.tlog
C:\Users\Danbhi\Documents\Visual Studio 2012\Projects\Project\Project16\Debug\link.9740.read.1.tlog
C:\Users\Danbhi\Documents\Visual Studio 2012\Projects\Project\Project16\Debug\link.9740.write.1.tlog
C:\Users\Danbhi\Documents\Visual Studio 2012\Projects\Project\Project16\Debug\link.command.1.tlog
C:\Users\Danbhi\Documents\Visual Studio 2012\Projects\Project\Project16\Debug\link.read.1.tlog
C:\Users\Danbhi\Documents\Visual Studio 2012\Projects\Project\Project16\Debug\link.write.1.tlog
C:\Users\Danbhi\Documents\Visual Studio 2012\Projects\Project\Project16\Debug\vc110.idb
C:\Users\Danbhi\Documents\Visual Studio 2012\Projects\Project\Project16\Debug\vc110.pdb
C:\Users\Danbhi\Documents\Visual Studio 2012\Projects\Project\Debug\Project16.pdb
C:\Users\Danbhi\Documents\Visual Studio 2012\Projects\Project\Debug\Project16.exe
C:\Users\Danbhi\Documents\Visual Studio 2012\Projects\Project\Debug\Project16.ilk
